2023-11-30 10:16:29,636 [INFO] Activator:176 - 


2023-11-30 10:16:29,651 [INFO] Activator:177 - !SESSION log4j initialized
2023-11-30 10:16:38,135 [INFO] LogOutputStream:77 - [STDOUT_REDIRECT] 
2023-11-30 10:16:46,595 [INFO] ApplicationProperties:184 - Using Application install path: C:\ST\STM32CubeIDE_1.13.2\STM32CubeIDE\plugins\com.st.stm32cube.common.mx_6.9.2.202309101412
2023-11-30 10:16:46,616 [INFO] DbMcusXml:78 - Set database path to: C:\ST\STM32CubeIDE_1.13.2\STM32CubeIDE\plugins\com.st.stm32cube.common.mx_6.9.2.202309101412\\db\/mcu/
2023-11-30 10:16:46,617 [INFO] ApiDb:274 - Set plugin database path to: C:\ST\STM32CubeIDE_1.13.2\STM32CubeIDE\plugins\com.st.stm32cube.common.mx_6.9.2.202309101412\\db\/plugins/boardmanager/
2023-11-30 10:16:46,617 [WARN] ApiDb:259 - Overriding images path with different value:  => C:\ST\STM32CubeIDE_1.13.2\STM32CubeIDE\plugins\com.st.stm32cube.common.mx_6.9.2.202309101412\\db\/plugins/mcufinder/images/
2023-11-30 10:16:46,633 [INFO] ApiDb:250 - Set database path to: C:\Users\ariel\.stmcufinder\plugins\mcufinder//mcu/
2023-11-30 10:16:46,634 [INFO] DbMcusAds:125 - Set database path to: C:\Users\ariel\.stmcufinder\plugins\mcufinder//mcu/
2023-11-30 10:16:46,637 [INFO] CrossReferenceDbSqlite:203 - Set database path to: C:\Users\ariel\.stmcufinder\plugins\mcufinder//mcu/cs/
2023-11-30 10:16:46,760 [INFO] RulesReader:64 - Compatibility file has been processed (293 Rules)
2023-11-30 10:16:46,861 [INFO] DbMcusXml:78 - Set database path to: C:\ST\STM32CubeIDE_1.13.2\STM32CubeIDE\plugins\com.st.stm32cube.common.mx_6.9.2.202309101412\\db\/mcu/
2023-11-30 10:16:46,861 [INFO] ApiDb:274 - Set plugin database path to: C:\ST\STM32CubeIDE_1.13.2\STM32CubeIDE\plugins\com.st.stm32cube.common.mx_6.9.2.202309101412\\db\/plugins/boardmanager/
2023-11-30 10:16:46,862 [INFO] ApiDb:261 - Set plugin images path to: C:\ST\STM32CubeIDE_1.13.2\STM32CubeIDE\plugins\com.st.stm32cube.common.mx_6.9.2.202309101412\\db\/plugins/mcufinder/images/
2023-11-30 10:16:46,862 [WARN] DbFile:41 - Overriding database path with different value: C:\Users\ariel\.stmcufinder\plugins\mcufinder/ => C:\Users\ariel\.stmcufinder\plugins\mcufinder
2023-11-30 10:16:46,862 [INFO] ApiDb:250 - Set database path to: C:\Users\ariel\.stmcufinder\plugins\mcufinder//mcu/
2023-11-30 10:16:46,863 [WARN] DbFile:41 - Overriding database path with different value: C:\Users\ariel\.stmcufinder\plugins\mcufinder/ => C:\Users\ariel\.stmcufinder\plugins\mcufinder
2023-11-30 10:16:46,863 [INFO] DbMcusAds:125 - Set database path to: C:\Users\ariel\.stmcufinder\plugins\mcufinder//mcu/
2023-11-30 10:16:46,863 [WARN] DbFile:41 - Overriding database path with different value: C:\Users\ariel\.stmcufinder\plugins\mcufinder/ => C:\Users\ariel\.stmcufinder\plugins\mcufinder
2023-11-30 10:16:46,863 [WARN] DbFile:41 - Overriding database path with different value: C:\Users\ariel\.stmcufinder\plugins\mcufinder/ => C:\Users\ariel\.stmcufinder\plugins\mcufinder
2023-11-30 10:16:46,863 [INFO] CrossReferenceDbSqlite:203 - Set database path to: C:\Users\ariel\.stmcufinder\plugins\mcufinder//mcu/cs/
2023-11-30 10:16:46,964 [INFO] MainPanel:262 - HeapMemory: 268435456
2023-11-30 10:16:47,083 [INFO] DbMcusXml:78 - Set database path to: C:\ST\STM32CubeIDE_1.13.2\STM32CubeIDE\plugins\com.st.stm32cube.common.mx_6.9.2.202309101412\\db\/mcu/
2023-11-30 10:16:47,083 [INFO] ApiDb:274 - Set plugin database path to: C:\ST\STM32CubeIDE_1.13.2\STM32CubeIDE\plugins\com.st.stm32cube.common.mx_6.9.2.202309101412\\db\/plugins/boardmanager/
2023-11-30 10:16:47,084 [INFO] ApiDb:261 - Set plugin images path to: C:\ST\STM32CubeIDE_1.13.2\STM32CubeIDE\plugins\com.st.stm32cube.common.mx_6.9.2.202309101412\\db\/plugins/mcufinder/images/
2023-11-30 10:16:47,084 [WARN] DbFile:41 - Overriding database path with different value: C:\Users\ariel\.stmcufinder\plugins\mcufinder/ => C:\Users\ariel\.stmcufinder\plugins\mcufinder
2023-11-30 10:16:47,084 [INFO] ApiDb:250 - Set database path to: C:\Users\ariel\.stmcufinder\plugins\mcufinder//mcu/
2023-11-30 10:16:47,084 [WARN] DbFile:41 - Overriding database path with different value: C:\Users\ariel\.stmcufinder\plugins\mcufinder/ => C:\Users\ariel\.stmcufinder\plugins\mcufinder
2023-11-30 10:16:47,085 [INFO] DbMcusAds:125 - Set database path to: C:\Users\ariel\.stmcufinder\plugins\mcufinder//mcu/
2023-11-30 10:16:47,085 [WARN] DbFile:41 - Overriding database path with different value: C:\Users\ariel\.stmcufinder\plugins\mcufinder/ => C:\Users\ariel\.stmcufinder\plugins\mcufinder
2023-11-30 10:16:47,085 [WARN] DbFile:41 - Overriding database path with different value: C:\Users\ariel\.stmcufinder\plugins\mcufinder/ => C:\Users\ariel\.stmcufinder\plugins\mcufinder
2023-11-30 10:16:47,085 [INFO] CrossReferenceDbSqlite:203 - Set database path to: C:\Users\ariel\.stmcufinder\plugins\mcufinder//mcu/cs/
2023-11-30 10:16:47,108 [INFO] ApplicationProperties:184 - Using Application install path: C:\ST\STM32CubeIDE_1.13.2\STM32CubeIDE\plugins\com.st.stm32cube.common.mx_6.9.2.202309101412
2023-11-30 10:16:47,110 [INFO] PluginManage:196 - Search for loadable plugins [exclusion list=, ]
2023-11-30 10:16:47,112 [INFO] PluginManage:310 - Check plugin analytics
2023-11-30 10:16:52,295 [INFO] AnalyticsPlugin:253 - Accepted Software Licenses: 
2023-11-30 10:16:52,295 [INFO] AnalyticsPlugin:255 - Accepted CMSIS Pack Licenses: 
2023-11-30 10:16:52,296 [INFO] AnalyticsPlugin:257 - Accepted Firmware Licenses: FW.F7.1.17.0
2023-11-30 10:16:52,299 [INFO] PluginManage:359 - Loaded plugin analytics (category:tool,tabindex:-1)
2023-11-30 10:16:52,299 [INFO] PluginManage:310 - Check plugin cadmodel
2023-11-30 10:16:52,317 [INFO] CADModel:105 - Init CAD model plugin
2023-11-30 10:16:52,318 [INFO] PluginManage:359 - Loaded plugin cadmodel (category:power,tabindex:5)
2023-11-30 10:16:52,318 [INFO] PluginManage:310 - Check plugin clock
2023-11-30 10:16:52,343 [INFO] PluginManage:359 - Loaded plugin clock (category:base,tabindex:2)
2023-11-30 10:16:52,343 [INFO] PluginManage:310 - Check plugin ddr
2023-11-30 10:16:52,347 [INFO] PluginManage:359 - Loaded plugin ddr (category:tool,tabindex:6)
2023-11-30 10:16:52,347 [INFO] PluginManage:310 - Check plugin filemanager
2023-11-30 10:16:52,512 [INFO] PluginManage:359 - Loaded plugin filemanager (category:base,tabindex:10)
2023-11-30 10:16:52,512 [INFO] PluginManage:310 - Check plugin ipmanager
2023-11-30 10:16:52,521 [INFO] PluginManage:359 - Loaded plugin ipmanager (category:base,tabindex:5)
2023-11-30 10:16:52,521 [INFO] PluginManage:310 - Check plugin lpbam
2023-11-30 10:16:52,539 [INFO] PluginManage:359 - Loaded plugin lpbam (category:base,tabindex:0)
2023-11-30 10:16:52,539 [INFO] PluginManage:310 - Check plugin memorymap
2023-11-30 10:16:52,567 [INFO] PluginManage:359 - Loaded plugin memorymap (category:base,tabindex:4)
2023-11-30 10:16:52,567 [INFO] PluginManage:310 - Check plugin pinoutandconfiguration
2023-11-30 10:16:52,586 [INFO] PluginManage:359 - Loaded plugin pinoutandconfiguration (category:base,tabindex:1)
2023-11-30 10:16:52,586 [INFO] PluginManage:310 - Check plugin pinoutconfig
2023-11-30 10:16:52,706 [WARN] SupportedApi:132 - Cannot load RTOS API schema: s4s-elt-must-match.1: The content of 'definitions' must match (annotation?, (simpleType | complexType)?, (unique | key | keyref)*)). A problem was found starting at: attribute.
2023-11-30 10:16:52,871 [INFO] PluginManage:359 - Loaded plugin pinoutconfig (category:base,tabindex:0)
2023-11-30 10:16:52,871 [INFO] PluginManage:310 - Check plugin power
2023-11-30 10:16:52,894 [INFO] PluginManage:359 - Loaded plugin power (category:power,tabindex:4)
2023-11-30 10:16:52,894 [INFO] PluginManage:310 - Check plugin projectmanager
2023-11-30 10:16:52,912 [INFO] PluginManage:359 - Loaded plugin projectmanager (category:projectmanager,tabindex:3)
2023-11-30 10:16:52,912 [INFO] PluginManage:310 - Check plugin thirdparty
2023-11-30 10:16:53,212 [INFO] PluginManage:359 - Loaded plugin thirdparty (category:base,tabindex:-1)
2023-11-30 10:16:53,212 [WARN] IntegrityCheckThread:84 - waiting for thirdparty lock release [integrity check]
2023-11-30 10:16:53,212 [INFO] PluginManage:310 - Check plugin tools
2023-11-30 10:16:53,212 [INFO] IntegrityCheckThread:86 - entering critical section [integrity check]
2023-11-30 10:16:53,213 [INFO] ThirdPartyUpdaterWithRetryManager:70 - Updater plugin not ready yet. [1/15]
2023-11-30 10:16:53,243 [INFO] PluginManage:359 - Loaded plugin tools (category:base,tabindex:7)
2023-11-30 10:16:53,244 [INFO] PluginManage:310 - Check plugin tutovideos
2023-11-30 10:16:53,491 [INFO] PluginManage:359 - Loaded plugin tutovideos (category:base,tabindex:-1)
2023-11-30 10:16:53,492 [INFO] PluginManage:310 - Check plugin updater
2023-11-30 10:16:53,505 [INFO] PluginManage:359 - Loaded plugin updater (category:base,tabindex:12)
2023-11-30 10:16:53,505 [INFO] PluginManage:310 - Check plugin userauth
2023-11-30 10:16:53,511 [INFO] UserAuth:113 - Init User Auth plugin
2023-11-30 10:16:53,511 [INFO] PluginManage:359 - Loaded plugin userauth (category:base,tabindex:14)
2023-11-30 10:16:53,512 [INFO] PluginManage:283 - PluginManage : Loaded plugins [17]
2023-11-30 10:16:53,774 [INFO] PinOutPanel:1499 - setPackage(No Configuration,No Configuration)
2023-11-30 10:16:53,911 [INFO] CADModel:165 - CPN selected for project level
2023-11-30 10:16:53,911 [INFO] CADModel:114 - Register for checkConnection events
2023-11-30 10:16:53,944 [INFO] IPUIPlugin:80 - create IPUIPlugin
2023-11-30 10:16:53,944 [INFO] PluginManager:220 - loadIPPluginJar : add adc
2023-11-30 10:16:53,983 [INFO] IPUIPlugin:80 - create IPUIPlugin
2023-11-30 10:16:53,983 [INFO] PluginManager:220 - loadIPPluginJar : add aes
2023-11-30 10:16:54,025 [INFO] IPUIPlugin:80 - create IPUIPlugin
2023-11-30 10:16:54,025 [INFO] PluginManager:220 - loadIPPluginJar : add can
2023-11-30 10:16:54,046 [INFO] IPUIPlugin:80 - create IPUIPlugin
2023-11-30 10:16:54,046 [INFO] PluginManager:220 - loadIPPluginJar : add comp
2023-11-30 10:16:54,077 [INFO] IPUIPlugin:80 - create IPUIPlugin
2023-11-30 10:16:54,078 [INFO] PluginManager:220 - loadIPPluginJar : add cryp
2023-11-30 10:16:54,106 [INFO] IPUIPlugin:80 - create IPUIPlugin
2023-11-30 10:16:54,106 [INFO] PluginManager:220 - loadIPPluginJar : add dfsdm
2023-11-30 10:16:54,122 [INFO] IPUIPlugin:80 - create IPUIPlugin
2023-11-30 10:16:54,123 [INFO] PluginManager:220 - loadIPPluginJar : add dma
2023-11-30 10:16:54,162 [INFO] IPUIPlugin:80 - create IPUIPlugin
2023-11-30 10:16:54,162 [INFO] PluginManager:220 - loadIPPluginJar : add dma3
2023-11-30 10:16:54,182 [INFO] IPUIPlugin:80 - create IPUIPlugin
2023-11-30 10:16:54,182 [INFO] PluginManager:220 - loadIPPluginJar : add fatfs
2023-11-30 10:16:54,244 [INFO] IPUIPlugin:80 - create IPUIPlugin
2023-11-30 10:16:54,244 [INFO] PluginManager:220 - loadIPPluginJar : add fmc
2023-11-30 10:16:54,260 [INFO] IPUIPlugin:80 - create IPUIPlugin
2023-11-30 10:16:54,261 [INFO] PluginManager:220 - loadIPPluginJar : add freertos
2023-11-30 10:16:54,282 [INFO] IPUIPlugin:80 - create IPUIPlugin
2023-11-30 10:16:54,282 [INFO] PluginManager:220 - loadIPPluginJar : add genericplugin
2023-11-30 10:16:54,371 [INFO] IPUIPlugin:80 - create IPUIPlugin
2023-11-30 10:16:54,371 [INFO] PluginManager:220 - loadIPPluginJar : add gfxmmu
2023-11-30 10:16:54,486 [INFO] IPUIPlugin:80 - create IPUIPlugin
2023-11-30 10:16:54,486 [INFO] PluginManager:220 - loadIPPluginJar : add gic
2023-11-30 10:16:54,499 [INFO] IPUIPlugin:80 - create IPUIPlugin
2023-11-30 10:16:54,500 [INFO] PluginManager:220 - loadIPPluginJar : add gpio
2023-11-30 10:16:54,585 [INFO] IPUIPlugin:80 - create IPUIPlugin
2023-11-30 10:16:54,585 [INFO] PluginManager:220 - loadIPPluginJar : add gtzc
2023-11-30 10:16:54,615 [INFO] IPUIPlugin:80 - create IPUIPlugin
2023-11-30 10:16:54,615 [INFO] PluginManager:220 - loadIPPluginJar : add hash
2023-11-30 10:16:54,662 [INFO] IPUIPlugin:80 - create IPUIPlugin
2023-11-30 10:16:54,663 [INFO] PluginManager:220 - loadIPPluginJar : add i2c
2023-11-30 10:16:54,697 [INFO] IPUIPlugin:80 - create IPUIPlugin
2023-11-30 10:16:54,698 [INFO] PluginManager:220 - loadIPPluginJar : add i2s
2023-11-30 10:16:54,736 [INFO] IPUIPlugin:80 - create IPUIPlugin
2023-11-30 10:16:54,736 [INFO] PluginManager:220 - loadIPPluginJar : add i3c
2023-11-30 10:16:54,836 [INFO] IPUIPlugin:80 - create IPUIPlugin
2023-11-30 10:16:54,836 [INFO] PluginManager:220 - loadIPPluginJar : add ipddr
2023-11-30 10:16:54,923 [INFO] IPUIPlugin:80 - create IPUIPlugin
2023-11-30 10:16:54,923 [INFO] PluginManager:220 - loadIPPluginJar : add linkedlist
2023-11-30 10:16:54,955 [INFO] IPUIPlugin:80 - create IPUIPlugin
2023-11-30 10:16:54,955 [INFO] PluginManager:220 - loadIPPluginJar : add lorawan
2023-11-30 10:16:54,989 [INFO] IPUIPlugin:80 - create IPUIPlugin
2023-11-30 10:16:54,989 [INFO] PluginManager:220 - loadIPPluginJar : add ltdc
2023-11-30 10:16:55,006 [INFO] IPUIPlugin:80 - create IPUIPlugin
2023-11-30 10:16:55,006 [INFO] PluginManager:220 - loadIPPluginJar : add mdma
2023-11-30 10:16:55,019 [INFO] IPUIPlugin:80 - create IPUIPlugin
2023-11-30 10:16:55,019 [INFO] PluginManager:220 - loadIPPluginJar : add nvic
2023-11-30 10:16:55,052 [INFO] IPUIPlugin:80 - create IPUIPlugin
2023-11-30 10:16:55,053 [INFO] PluginManager:220 - loadIPPluginJar : add opamp
2023-11-30 10:16:55,109 [INFO] IPUIPlugin:80 - create IPUIPlugin
2023-11-30 10:16:55,109 [INFO] PluginManager:220 - loadIPPluginJar : add openamp
2023-11-30 10:16:55,148 [INFO] IPUIPlugin:80 - create IPUIPlugin
2023-11-30 10:16:55,148 [INFO] PluginManager:220 - loadIPPluginJar : add pdm2pcm
2023-11-30 10:16:55,163 [INFO] IPUIPlugin:80 - create IPUIPlugin
2023-11-30 10:16:55,165 [INFO] PluginManager:220 - loadIPPluginJar : add plateformsettings
2023-11-30 10:16:55,186 [INFO] IPUIPlugin:80 - create IPUIPlugin
2023-11-30 10:16:55,186 [INFO] PluginManager:220 - loadIPPluginJar : add quadspi
2023-11-30 10:16:55,200 [INFO] IPUIPlugin:80 - create IPUIPlugin
2023-11-30 10:16:55,201 [INFO] PluginManager:220 - loadIPPluginJar : add resmgrutility
2023-11-30 10:16:55,245 [INFO] IPUIPlugin:80 - create IPUIPlugin
2023-11-30 10:16:55,245 [INFO] PluginManager:220 - loadIPPluginJar : add sai
2023-11-30 10:16:55,280 [INFO] IPUIPlugin:80 - create IPUIPlugin
2023-11-30 10:16:55,280 [INFO] PluginManager:220 - loadIPPluginJar : add spi
2023-11-30 10:16:55,333 [INFO] IPUIPlugin:80 - create IPUIPlugin
2023-11-30 10:16:55,333 [INFO] PluginManager:220 - loadIPPluginJar : add stm32_wpan
2023-11-30 10:16:55,355 [INFO] IPUIPlugin:80 - create IPUIPlugin
2023-11-30 10:16:55,355 [INFO] PluginManager:220 - loadIPPluginJar : add tim
2023-11-30 10:16:55,407 [INFO] IPUIPlugin:80 - create IPUIPlugin
2023-11-30 10:16:55,407 [INFO] PluginManager:220 - loadIPPluginJar : add touchsensing
2023-11-30 10:16:55,428 [INFO] IPUIPlugin:80 - create IPUIPlugin
2023-11-30 10:16:55,428 [INFO] PluginManager:220 - loadIPPluginJar : add tracer_emb
2023-11-30 10:16:55,451 [INFO] IPUIPlugin:80 - create IPUIPlugin
2023-11-30 10:16:55,451 [INFO] PluginManager:220 - loadIPPluginJar : add ts
2023-11-30 10:16:55,472 [INFO] IPUIPlugin:80 - create IPUIPlugin
2023-11-30 10:16:55,472 [INFO] PluginManager:220 - loadIPPluginJar : add tsc
2023-11-30 10:16:55,492 [INFO] IPUIPlugin:80 - create IPUIPlugin
2023-11-30 10:16:55,493 [INFO] PluginManager:220 - loadIPPluginJar : add ucpd
2023-11-30 10:16:55,539 [INFO] IPUIPlugin:80 - create IPUIPlugin
2023-11-30 10:16:55,540 [INFO] PluginManager:220 - loadIPPluginJar : add usart
2023-11-30 10:16:55,586 [INFO] IPUIPlugin:80 - create IPUIPlugin
2023-11-30 10:16:55,586 [INFO] PluginManager:220 - loadIPPluginJar : add usbx
2023-11-30 10:16:55,715 [INFO] CADModel:165 - CPN selected for project level
2023-11-30 10:16:55,715 [INFO] CADModel:114 - Register for checkConnection events
2023-11-30 10:16:55,715 [FATAL] Updater:308 - Updater called before beeing initialized
2023-11-30 10:16:55,715 [ERROR] CADModel:125 - Updater not yet initialized, retry later 
2023-11-30 10:16:55,880 [INFO] CADModel:165 - CPN selected for project level
2023-11-30 10:16:55,881 [INFO] CADModel:114 - Register for checkConnection events
2023-11-30 10:16:55,881 [FATAL] Updater:308 - Updater called before beeing initialized
2023-11-30 10:16:55,881 [ERROR] CADModel:125 - Updater not yet initialized, retry later 
2023-11-30 10:16:55,885 [FATAL] Updater:308 - Updater called before beeing initialized
2023-11-30 10:16:56,004 [FATAL] Updater:308 - Updater called before beeing initialized
2023-11-30 10:16:56,016 [INFO] DbMcusAds:53 - JSON generation date=Tue Mar 07 09:50:55 CET 2023 (1678179055335)
2023-11-30 10:16:56,017 [FATAL] Updater:308 - Updater called before beeing initialized
2023-11-30 10:16:56,105 [WARN] DetailPanel:346 - Failed to get advertising image, set to default
2023-11-30 10:16:56,202 [FATAL] Updater:308 - Updater called before beeing initialized
2023-11-30 10:16:56,204 [FATAL] Updater:308 - Updater called before beeing initialized
2023-11-30 10:16:56,204 [FATAL] Updater:308 - Updater called before beeing initialized
2023-11-30 10:16:56,204 [WARN] DetailPanel:346 - Failed to get advertising image, set to default
2023-11-30 10:16:56,205 [FATAL] Updater:308 - Updater called before beeing initialized
2023-11-30 10:16:56,213 [INFO] ThirdPartyUpdaterWithRetryManager:70 - Updater plugin not ready yet. [2/15]
2023-11-30 10:16:56,276 [ERROR] Updater:1120 - MainUpdater not yet initialized. External WinMGr cannot be set.
2023-11-30 10:16:56,289 [INFO] Updater:1056 - Updater Version found : 6.9.2
2023-11-30 10:16:56,310 [INFO] ApplicationProperties:184 - Using Application install path: C:\ST\STM32CubeIDE_1.13.2\STM32CubeIDE\plugins\com.st.stm32cube.common.mx_6.9.2.202309101412
2023-11-30 10:16:56,468 [INFO] MainUpdater:2868 - connection check result : 10
2023-11-30 10:16:56,469 [INFO] MainUpdater:285 - Updater Check For Update Now.
2023-11-30 10:16:56,470 [INFO] MicroXplorer:498 - Change Database Version : DB.6.0.92
2023-11-30 10:16:56,493 [INFO] McuFinderGlobals:63 - Set McuFinder mode to 2 (CubeIDE integrated)
2023-11-30 10:16:56,799 [INFO] CheckServerUpdateThread:120 - End of CheckServer Thread
2023-11-30 10:16:59,473 [WARN] PackLoader:240 - Cannot read IP mode file for STMicroelectronics.X-CUBE-SMBUS.2.1.0
2023-11-30 10:16:59,553 [WARN] PackLoader:240 - Cannot read IP mode file for STMicroelectronics.X-CUBE-AZRTOS-F7.1.1.0
2023-11-30 10:16:59,587 [WARN] PackLoader:240 - Cannot read IP mode file for STMicroelectronics.FP-SNS-MOTENV1.4.3.2
2023-11-30 10:16:59,611 [WARN] PackLoader:240 - Cannot read IP mode file for STMicroelectronics.FP-SNS-FLIGHT1.5.0.2
2023-11-30 10:16:59,640 [WARN] PackLoader:240 - Cannot read IP mode file for STMicroelectronics.X-CUBE-DISPLAY.3.0.0
2023-11-30 10:16:59,670 [WARN] PackLoader:240 - Cannot read IP mode file for STMicroelectronics.X-CUBE-BLE1.7.0.0
2023-11-30 10:16:59,695 [WARN] PackLoader:240 - Cannot read IP mode file for emotas.I-CUBE-CANOPEN.1.3.0
2023-11-30 10:16:59,715 [WARN] PackLoader:240 - Cannot read IP mode file for STMicroelectronics.X-CUBE-TOUCHGFX.4.22.1
2023-11-30 10:16:59,733 [WARN] PackLoader:240 - Cannot read IP mode file for STMicroelectronics.FP-SNS-SMARTAG2.1.2.0
2023-11-30 10:16:59,755 [INFO] LogOutputStream:77 - [STDOUT_REDIRECT] 1 : Invalid condition id : UX_CORESTACK_Condition cause : null
2023-11-30 10:16:59,756 [INFO] LogOutputStream:77 - [STDOUT_REDIRECT] 1 : Invalid condition id : UX_CORESTACK_Condition cause : null
2023-11-30 10:16:59,758 [INFO] LogOutputStream:77 - [STDOUT_REDIRECT] 1 : Invalid condition id : UX_CORESTACK_Condition cause : null
2023-11-30 10:16:59,760 [INFO] LogOutputStream:77 - [STDOUT_REDIRECT] 1 : Invalid condition id : UX_CORESTACK_Condition cause : null
2023-11-30 10:16:59,761 [INFO] LogOutputStream:77 - [STDOUT_REDIRECT] 1 : Invalid condition id : UX_CORESTACK_Condition cause : null
2023-11-30 10:16:59,766 [WARN] PackLoader:240 - Cannot read IP mode file for STMicroelectronics.X-CUBE-AZRTOS-WL.2.0.0
2023-11-30 10:16:59,788 [WARN] PackLoader:240 - Cannot read IP mode file for WES.I-CUBE-Cesium.1.3.0
2023-11-30 10:16:59,803 [WARN] PackLoader:240 - Cannot read IP mode file for STMicroelectronics.X-CUBE-BLE2.3.3.0
2023-11-30 10:16:59,820 [WARN] PackLoader:240 - Cannot read IP mode file for STMicroelectronics.X-CUBE-ALGOBUILD.1.3.0
2023-11-30 10:16:59,859 [WARN] PackLoader:240 - Cannot read IP mode file for STMicroelectronics.X-CUBE-AZRTOS-G0.1.1.0
2023-11-30 10:16:59,875 [WARN] PackLoader:240 - Cannot read IP mode file for STMicroelectronics.X-CUBE-NFC4.3.0.0
2023-11-30 10:16:59,894 [WARN] PackLoader:240 - Cannot read IP mode file for STMicroelectronics.X-CUBE-BLEMGR.3.0.0
2023-11-30 10:16:59,911 [WARN] PackLoader:240 - Cannot read IP mode file for STMicroelectronics.FP-ATR-SIGFOX1.3.2.0
2023-11-30 10:16:59,931 [WARN] PackLoader:240 - Cannot read IP mode file for STMicroelectronics.X-CUBE-GNSS1.6.0.0
2023-11-30 10:16:59,978 [WARN] PackLoader:240 - Cannot read IP mode file for STMicroelectronics.X-CUBE-AZRTOS-F4.1.1.0
2023-11-30 10:17:00,002 [WARN] PackLoader:240 - Cannot read IP mode file for wolfSSL.I-CUBE-wolfSSL.5.6.4
2023-11-30 10:17:00,068 [WARN] PackLoader:240 - Cannot read IP mode file for STMicroelectronics.X-CUBE-AZRTOS-L5.2.0.0
2023-11-30 10:17:00,093 [WARN] PackLoader:240 - Cannot read IP mode file for STMicroelectronics.X-CUBE-EEPRMA1.4.2.0
2023-11-30 10:17:00,166 [WARN] PackLoader:240 - Cannot read IP mode file for ITTIA_DB.I-CUBE-ITTIADB.8.8.0
2023-11-30 10:17:00,224 [WARN] ConditionMgr:438 - getConditionDescription Invalid condition id : UX DEVICE CLASS RTOS Condition cause : null
2023-11-30 10:17:00,224 [WARN] ConditionMgr:438 - getConditionDescription Invalid condition id : UX DEVICE CLASS RTOS Condition cause : null
2023-11-30 10:17:00,230 [WARN] PackLoader:240 - Cannot read IP mode file for STMicroelectronics.X-CUBE-AZRTOS-H7.3.1.0
2023-11-30 10:17:00,241 [WARN] ConditionMgr:1039 - genDependencies : Invalid condition id : UX DEVICE CLASS RTOS Condition cause : null
2023-11-30 10:17:00,242 [WARN] ConditionMgr:1039 - genDependencies : Invalid condition id : UX DEVICE CLASS RTOS Condition cause : null
2023-11-30 10:17:00,243 [WARN] ConditionMgr:1039 - genDependencies : Invalid condition id : UX DEVICE CLASS RTOS Condition cause : null
2023-11-30 10:17:00,243 [WARN] ConditionMgr:1039 - genDependencies : Invalid condition id : UX DEVICE CLASS RTOS Condition cause : null
2023-11-30 10:17:00,244 [WARN] ConditionMgr:1039 - genDependencies : Invalid condition id : UX DEVICE CLASS RTOS Condition cause : null
2023-11-30 10:17:00,277 [WARN] PackLoader:240 - Cannot read IP mode file for STMicroelectronics.X-CUBE-NFC7.1.0.1
2023-11-30 10:17:00,300 [WARN] PackLoader:240 - Cannot read IP mode file for STMicroelectronics.X-CUBE-NFC6.3.0.0
2023-11-30 10:17:00,321 [WARN] PackLoader:240 - Cannot read IP mode file for STMicroelectronics.X-CUBE-AI.8.1.0
2023-11-30 10:17:00,364 [WARN] ConditionMgr:438 - getConditionDescription Invalid condition id : LAN8742 Phy interface Condition cause : null
2023-11-30 10:17:00,364 [WARN] PackLoader:240 - Cannot read IP mode file for STMicroelectronics.X-CUBE-AZRTOS-L4.2.0.0
2023-11-30 10:17:00,366 [WARN] ConditionMgr:1039 - genDependencies : Invalid condition id : LAN8742 Phy interface Condition cause : null
2023-11-30 10:17:00,366 [WARN] ConditionMgr:1039 - genDependencies : Invalid condition id : LAN8742 Phy interface Condition cause : null
2023-11-30 10:17:00,366 [WARN] ConditionMgr:1039 - genDependencies : Invalid condition id : LAN8742 Phy interface Condition cause : null
2023-11-30 10:17:00,392 [WARN] PackLoader:240 - Cannot read IP mode file for STMicroelectronics.X-CUBE-SFXS2LP1.4.0.0
2023-11-30 10:17:00,409 [WARN] PackLoader:240 - Cannot read IP mode file for STMicroelectronics.X-CUBE-ISPU.1.1.0
2023-11-30 10:17:00,439 [WARN] ConditionMgr:438 - getConditionDescription Invalid condition id : UX DEVICE CLASS RTOS Condition cause : null
2023-11-30 10:17:00,439 [WARN] ConditionMgr:438 - getConditionDescription Invalid condition id : UX DEVICE CLASS RTOS Condition cause : null
2023-11-30 10:17:00,443 [WARN] PackLoader:240 - Cannot read IP mode file for STMicroelectronics.X-CUBE-AZRTOS-WB.2.0.0
2023-11-30 10:17:00,444 [WARN] ConditionMgr:1039 - genDependencies : Invalid condition id : UX DEVICE CLASS RTOS Condition cause : null
2023-11-30 10:17:00,444 [WARN] ConditionMgr:1039 - genDependencies : Invalid condition id : UX DEVICE CLASS RTOS Condition cause : null
2023-11-30 10:17:00,445 [WARN] ConditionMgr:1039 - genDependencies : Invalid condition id : UX DEVICE CLASS RTOS Condition cause : null
2023-11-30 10:17:00,445 [WARN] ConditionMgr:1039 - genDependencies : Invalid condition id : UX DEVICE CLASS RTOS Condition cause : null
2023-11-30 10:17:00,446 [WARN] ConditionMgr:1039 - genDependencies : Invalid condition id : UX DEVICE CLASS RTOS Condition cause : null
2023-11-30 10:17:00,476 [WARN] PackLoader:240 - Cannot read IP mode file for STMicroelectronics.X-CUBE-SUBG2.5.0.0
2023-11-30 10:17:00,509 [WARN] PackLoader:240 - Cannot read IP mode file for STMicroelectronics.X-CUBE-TOF1.3.3.1
2023-11-30 10:17:00,566 [WARN] PackLoader:240 - Cannot read IP mode file for STMicroelectronics.X-CUBE-AZRTOS-G4.2.0.0
2023-11-30 10:17:00,602 [WARN] PackLoader:240 - Cannot read IP mode file for Infineon.AIROC-Wi-Fi-Bluetooth-STM32.1.5.1
2023-11-30 10:17:00,625 [WARN] PackLoader:240 - Cannot read IP mode file for STMicroelectronics.FP-SNS-MOTENVWB1.1.3.0
2023-11-30 10:17:00,746 [WARN] PackLoader:240 - Cannot read IP mode file for STMicroelectronics.X-CUBE-MEMS1.10.0.0
2023-11-30 10:17:01,045 [WARN] PackLoader:240 - Cannot read IP mode file for STMicroelectronics.X-CUBE-FREERTOS.1.1.0
2023-11-30 10:17:01,062 [WARN] PackLoader:240 - Cannot read IP mode file for portGmbH.I-Cube-SoM-uGOAL.1.1.0
2023-11-30 10:17:01,081 [WARN] PackLoader:240 - Cannot read IP mode file for STMicroelectronics.X-CUBE-ALS.1.0.1
2023-11-30 10:17:01,094 [WARN] PackLoader:240 - Cannot read IP mode file for STMicroelectronics.FP-ATR-ASTRA1.2.0.0
2023-11-30 10:17:01,116 [WARN] PackLoader:240 - Cannot read IP mode file for STMicroelectronics.X-CUBE-TOF1.3.4.0
2023-11-30 10:17:01,127 [INFO] ThirdParty:978 - Integrity check success = true
2023-11-30 10:17:01,127 [INFO] IntegrityCheckThread:100 - exiting critical section [integrity check]
2023-11-30 10:17:01,127 [INFO] IntegrityCheckThread:103 - End integrity checks thread
2023-11-30 10:17:18,016 [ERROR] LogOutputStream:75 - [STDERR_REDIRECT] SLF4J: Failed to load class "org.slf4j.impl.StaticLoggerBinder".
2023-11-30 10:17:18,017 [ERROR] LogOutputStream:75 - [STDERR_REDIRECT] SLF4J: Defaulting to no-operation (NOP) logger implementation
2023-11-30 10:17:18,018 [ERROR] LogOutputStream:75 - [STDERR_REDIRECT] SLF4J: See http://www.slf4j.org/codes.html#StaticLoggerBinder for further details.
2023-11-30 11:01:19,774 [INFO] Activator:176 - 


2023-11-30 11:01:19,776 [INFO] Activator:177 - !SESSION log4j initialized
2023-11-30 11:01:26,684 [INFO] LogOutputStream:77 - [STDOUT_REDIRECT] 
