=~=~=~=~=~=~=~=~=~=~=~= PuTTY log 2023.12.04 10:07:55 =~=~=~=~=~=~=~=~=~=~=~=
 
Please enter a command: 
1 = acquire a snapshot (time-domain) 
 
2 = set the clock 
1 
Please enter a command: 
1 = acquire a snapshot (time-domain) 
 
2 = set the clock 
1 
Snapshot recorded. 
Timestamp: 20000101000210 
Features: 
1.446440e+03	1.046100e+10	1.097760e+01	1.133606e+05	2.519714e+01	2.721179e+01	3.722797e+01	2.112180e+01	1.305020e+01	2.039810e+01	1.716314e+01	2.200637e+01	5.402815e+01	6.443627e+01	3.041070e+01	2.495589e+01	1.680694e+01	1.560321e+02	3.221662e+01	2.462133e+01	2.038194e+01	1.490631e+01	1.971223e+01	2.046578e+01	2.163392e+01	2.114104e+01	1.748394e+01	1.741356e+01	3.657091e+01	2.248892e+01	1.933893e+01	1.639262e+01	2.578627e+01	2.933399e+01	2.570349e+01	3.082813e+01	4.404848e+01	1.769832e+01	1.450742e+01	1.347432e+01	1.375846e+01	2.236379e+01	1.290790e+01	2.098545e+01	1.255153e+01	2.993487e+01	1.786879e+01	1.592885e+01	1.999442e+01	1.827422e+01	1.938351e+01	1.793416e+01	2.000053e+01	2.306266e+01	2.592474e+01	1.967575e+01	1.891790e+01	5.055758e+01	3.790013e+01	2.164330e+01	1.342312e+01	1.518466e+01	1.511985e+01	1.684105e+01	1.653091e+01	1.410669e+01	3.902660e+01	 
End of features. 
 
Please enter a command: 
1 = acquire a snapshot (time-domain) 
 
2 = set the clock 
1 
Please enter a command: 
1 = acquire a snapshot (time-domain) 
 
2 = set the clock 
 
Snapshot recorded. 
Timestamp: 20000101000745 
Features: 
1.444793e+03	1.043719e+10	1.057272e+01	1.132597e+05	1.708919e+01	2.472733e+01	2.494619e+01	2.374351e+01	1.501050e+01	1.702685e+01	1.459668e+01	2.286051e+01	5.654197e+01	6.199583e+01	3.013901e+01	2.851219e+01	1.511188e+01	1.555800e+02	3.506893e+01	1.461098e+01	1.679131e+01	1.671107e+01	1.903692e+01	1.454122e+01	1.586669e+01	2.503834e+01	2.062152e+01	2.447338e+01	3.512201e+01	1.759203e+01	2.106396e+01	1.308017e+01	2.380497e+01	2.418696e+01	1.479826e+01	1.929237e+01	4.611693e+01	1.719753e+01	1.763012e+01	1.719587e+01	1.492488e+01	2.566764e+01	1.469038e+01	2.226681e+01	1.689069e+01	3.112835e+01	1.601136e+01	1.669254e+01	2.145198e+01	1.592997e+01	2.124231e+01	1.699258e+01	2.502973e+01	1.916038e+01	2.115484e+01	1.913872e+01	1.897671e+01	4.849181e+01	3.741095e+01	2.050618e+01	1.610696e+01	1.782056e+01	1.840780e+01	1.705472e+01	1.700358e+01	2.151213e+01	4.245006e+01	 
End of features. 
